<?xml version="1.0" encoding="UTF-8"?>
<!-- Generated by org.testng.reporters.JUnitXMLReporter -->
<testsuite ignored="2" hostname="DESKTOP-KDPNS9M" failures="0" tests="7" name="Surefire test" time="18.59" errors="0" timestamp="2024-05-21T06:43:18 SAST">
  <testcase classname="films.GetFilmTest" name="getAllFilms" time="8.654"/>
  <testcase classname="films.GetFilmTest" name="getOneFilmByInvalidQueryParam" time="1.338"/>
  <testcase classname="films.GetFilmTest" name="getOneFilmByPathParam" time="1.579"/>
  <testcase classname="films.GetFilmTest" name="getOneFilmByQueryParam" time="1.708"/>
  <testcase classname="films.GetFilmTest" name="getOneFilmByQueryParam" time="1.813"/>
  <testcase classname="films.GetFilmTest" name="getOneFilmByQueryParam" time="1.604"/>
  <testcase classname="films.GetFilmTest" name="getOneFilmWithNonExistingId" time="1.201"/>
  <testcase classname="films.GetFilmTest" name="getOneFilmWithInvalidId" time="0.0">
    <ignored/>
  </testcase> <!-- getOneFilmWithInvalidId -->
  <testcase classname="base.BaseTest" name="@BeforeSuite setup" time="0.0">
    <ignored/>
  </testcase> <!-- @BeforeSuite setup -->
</testsuite> <!-- Surefire test -->
