<?xml version="1.0" encoding="UTF-8"?>
<testsuite xmlns:xsi="http://www.w3.org/2001/XMLSchema-instance" xsi:noNamespaceSchemaLocation="https://maven.apache.org/surefire/maven-surefire-plugin/xsd/surefire-test-report-3.0.xsd" version="3.0" name="TestSuite" time="23.964" tests="8" errors="0" skipped="0" failures="0">
  <properties>
[...]
</properties>
  <testcase name="getAllFilms" classname="films.GetFilmTest" time="8.664"/>
  <testcase name="getOneFilmByInvalidQueryParam" classname="films.GetFilmTest" time="1.34"/>
  <testcase name="getOneFilmByPathParam" classname="films.GetFilmTest" time="1.581"/>
  <testcase name="getOneFilmByQueryParam[a new](1)" classname="films.GetFilmTest" time="1.713"/>
  <testcase name="getOneFilmByQueryParam[A New](2)" classname="films.GetFilmTest" time="1.871"/>
  <testcase name="getOneFilmByQueryParam[A New Hope](3)" classname="films.GetFilmTest" time="1.608"/>
  <testcase name="getOneFilmWithNonExistingId" classname="films.GetFilmTest" time="1.203"/>
  <testcase name="testApp on testApp(org.example.AppTest)" classname="org.example.AppTest" time="0.001">
    <system-err><![CDATA[[main] WARN org.testng.TestRunner - Support to run JUnit tests using TestNG stands deprecated and will be removed in future versions. You can now use the JUnit5 TestNG engine to run both JUnit and TestNG tests. For more information refer to https://github.com/junit-team/testng-engine .
]]></system-err>
  </testcase>
</testsuite>