<?xml version="1.0" encoding="UTF-8"?>
<testng-results ignored="0" total="1" passed="1" failed="0" skipped="0">
  <reporter-output>
  </reporter-output>
  <suite started-at="2024-05-21T06:43:18 SAST" name="Surefire suite" finished-at="2024-05-21T06:43:18 SAST" duration-ms="148">
    <groups>
    </groups>
    <test started-at="2024-05-21T06:43:18 SAST" name="Surefire test" finished-at="2024-05-21T06:43:18 SAST" duration-ms="148">
      <class name="org.example.AppTest">
        <test-method signature="testApp()" started-at="2024-05-21T06:43:18 SAST" name="testApp" finished-at="2024-05-21T06:43:18 SAST" duration-ms="25" status="PASS">
          <reporter-output>
          </reporter-output>
        </test-method> <!-- testApp -->
      </class> <!-- org.example.AppTest -->
    </test> <!-- Surefire test -->
  </suite> <!-- Surefire suite -->
</testng-results>
